1741753315.983904 client started (58146): version 3.5a, socket /tmp/tmux-1000/default, protocol 8
1741753315.983945 on Linux 6.12.4-400.asahi.fc41.aarch64+16k #1 SMP PREEMPT_DYNAMIC Thu Dec 12 10:57:58 UTC 2024
1741753315.983968 using libevent 2.1.12-stable poll
1741753315.983979 using ncurses 6.5 20240629
1741753315.984018 flags are 0x10010000
1741753315.984037 socket is /tmp/tmux-1000/default
1741753315.984070 trying connect
1741753315.984139 add peer 0xaaab36017fa0: 6 ((nil))
1741753315.984538 sending message 111 to peer 0xaaab36017fa0 (8 bytes)
1741753315.984562 sending message 111 to peer 0xaaab36017fa0 (8 bytes)
1741753315.984574 sending message 101 to peer 0xaaab36017fa0 (16 bytes)
1741753315.984585 sending message 109 to peer 0xaaab36017fa0 (4 bytes)
1741753315.984595 sending message 102 to peer 0xaaab36017fa0 (11 bytes)
1741753315.984606 sending message 108 to peer 0xaaab36017fa0 (38 bytes)
1741753315.984617 sending message 112 to peer 0xaaab36017fa0 (70 bytes)
1741753315.984628 sending message 112 to peer 0xaaab36017fa0 (5 bytes)
1741753315.984639 sending message 112 to peer 0xaaab36017fa0 (5 bytes)
1741753315.984649 sending message 112 to peer 0xaaab36017fa0 (6 bytes)
1741753315.984659 sending message 112 to peer 0xaaab36017fa0 (6 bytes)
1741753315.984670 sending message 112 to peer 0xaaab36017fa0 (11 bytes)
1741753315.984680 sending message 112 to peer 0xaaab36017fa0 (10 bytes)
1741753315.984692 sending message 112 to peer 0xaaab36017fa0 (13 bytes)
1741753315.984703 sending message 112 to peer 0xaaab36017fa0 (13 bytes)
1741753315.984714 sending message 112 to peer 0xaaab36017fa0 (18 bytes)
1741753315.984724 sending message 112 to peer 0xaaab36017fa0 (11 bytes)
1741753315.984742 sending message 112 to peer 0xaaab36017fa0 (21 bytes)
1741753315.984755 sending message 112 to peer 0xaaab36017fa0 (13 bytes)
1741753315.984766 sending message 112 to peer 0xaaab36017fa0 (7 bytes)
1741753315.984776 sending message 112 to peer 0xaaab36017fa0 (13 bytes)
1741753315.984786 sending message 112 to peer 0xaaab36017fa0 (7 bytes)
1741753315.984796 sending message 112 to peer 0xaaab36017fa0 (13 bytes)
1741753315.984807 sending message 112 to peer 0xaaab36017fa0 (9 bytes)
1741753315.984818 sending message 112 to peer 0xaaab36017fa0 (21 bytes)
1741753315.984829 sending message 112 to peer 0xaaab36017fa0 (13 bytes)
1741753315.984839 sending message 112 to peer 0xaaab36017fa0 (8 bytes)
1741753315.984848 sending message 112 to peer 0xaaab36017fa0 (12 bytes)
1741753315.984859 sending message 112 to peer 0xaaab36017fa0 (13 bytes)
1741753315.984870 sending message 112 to peer 0xaaab36017fa0 (9 bytes)
1741753315.984879 sending message 112 to peer 0xaaab36017fa0 (9 bytes)
1741753315.984889 sending message 112 to peer 0xaaab36017fa0 (12 bytes)
1741753315.984902 sending message 112 to peer 0xaaab36017fa0 (8 bytes)
1741753315.984913 sending message 112 to peer 0xaaab36017fa0 (7 bytes)
1741753315.984922 sending message 112 to peer 0xaaab36017fa0 (7 bytes)
1741753315.984933 sending message 112 to peer 0xaaab36017fa0 (9 bytes)
1741753315.984943 sending message 112 to peer 0xaaab36017fa0 (13 bytes)
1741753315.984952 sending message 112 to peer 0xaaab36017fa0 (9 bytes)
1741753315.984963 sending message 112 to peer 0xaaab36017fa0 (15 bytes)
1741753315.984972 sending message 112 to peer 0xaaab36017fa0 (13 bytes)
1741753315.984983 sending message 112 to peer 0xaaab36017fa0 (12 bytes)
1741753315.985007 sending message 112 to peer 0xaaab36017fa0 (8 bytes)
1741753315.985017 sending message 112 to peer 0xaaab36017fa0 (14 bytes)
1741753315.985028 sending message 112 to peer 0xaaab36017fa0 (9 bytes)
1741753315.985039 sending message 112 to peer 0xaaab36017fa0 (10 bytes)
1741753315.985049 sending message 112 to peer 0xaaab36017fa0 (10 bytes)
1741753315.985058 sending message 112 to peer 0xaaab36017fa0 (10 bytes)
1741753315.985069 sending message 112 to peer 0xaaab36017fa0 (10 bytes)
1741753315.985080 sending message 112 to peer 0xaaab36017fa0 (11 bytes)
1741753315.985090 sending message 112 to peer 0xaaab36017fa0 (10 bytes)
1741753315.985100 sending message 112 to peer 0xaaab36017fa0 (8 bytes)
1741753315.985120 sending message 112 to peer 0xaaab36017fa0 (11 bytes)
1741753315.985138 sending message 112 to peer 0xaaab36017fa0 (11 bytes)
1741753315.985149 sending message 112 to peer 0xaaab36017fa0 (11 bytes)
1741753315.985159 sending message 112 to peer 0xaaab36017fa0 (8 bytes)
1741753315.985168 sending message 112 to peer 0xaaab36017fa0 (8 bytes)
1741753315.985178 sending message 112 to peer 0xaaab36017fa0 (8 bytes)
1741753315.985189 sending message 112 to peer 0xaaab36017fa0 (10 bytes)
1741753315.985199 sending message 112 to peer 0xaaab36017fa0 (10 bytes)
1741753315.985210 sending message 112 to peer 0xaaab36017fa0 (10 bytes)
1741753315.985220 sending message 112 to peer 0xaaab36017fa0 (10 bytes)
1741753315.985230 sending message 112 to peer 0xaaab36017fa0 (10 bytes)
1741753315.985240 sending message 112 to peer 0xaaab36017fa0 (11 bytes)
1741753315.985249 sending message 112 to peer 0xaaab36017fa0 (11 bytes)
1741753315.985258 sending message 112 to peer 0xaaab36017fa0 (10 bytes)
1741753315.985267 sending message 112 to peer 0xaaab36017fa0 (9 bytes)
1741753315.985278 sending message 112 to peer 0xaaab36017fa0 (9 bytes)
1741753315.985288 sending message 112 to peer 0xaaab36017fa0 (12 bytes)
1741753315.985298 sending message 112 to peer 0xaaab36017fa0 (9 bytes)
1741753315.985309 sending message 112 to peer 0xaaab36017fa0 (6 bytes)
1741753315.985318 sending message 112 to peer 0xaaab36017fa0 (13 bytes)
1741753315.985329 sending message 112 to peer 0xaaab36017fa0 (8 bytes)
1741753315.985339 sending message 112 to peer 0xaaab36017fa0 (15 bytes)
1741753315.985349 sending message 112 to peer 0xaaab36017fa0 (13 bytes)
1741753315.985359 sending message 112 to peer 0xaaab36017fa0 (70 bytes)
1741753315.985370 sending message 112 to peer 0xaaab36017fa0 (69 bytes)
1741753315.985381 sending message 112 to peer 0xaaab36017fa0 (10 bytes)
1741753315.985393 sending message 112 to peer 0xaaab36017fa0 (8 bytes)
1741753315.985403 sending message 112 to peer 0xaaab36017fa0 (15 bytes)
1741753315.985413 sending message 112 to peer 0xaaab36017fa0 (13 bytes)
1741753315.985424 sending message 112 to peer 0xaaab36017fa0 (10 bytes)
1741753315.985433 sending message 112 to peer 0xaaab36017fa0 (10 bytes)
1741753315.985444 sending message 112 to peer 0xaaab36017fa0 (5 bytes)
1741753315.985454 sending message 112 to peer 0xaaab36017fa0 (15 bytes)
1741753315.985466 sending message 104 to peer 0xaaab36017fa0 (0 bytes)
1741753315.985476 sending message 110 to peer 0xaaab36017fa0 (0 bytes)
1741753315.985487 sending message 107 to peer 0xaaab36017fa0 (4 bytes)
1741753315.985498 sending message 105 to peer 0xaaab36017fa0 (127 bytes)
1741753315.985509 sending message 105 to peer 0xaaab36017fa0 (29 bytes)
1741753315.985520 sending message 105 to peer 0xaaab36017fa0 (20 bytes)
1741753315.985530 sending message 105 to peer 0xaaab36017fa0 (54 bytes)
1741753315.985541 sending message 105 to peer 0xaaab36017fa0 (40 bytes)
1741753315.985551 sending message 105 to peer 0xaaab36017fa0 (55 bytes)
1741753315.985561 sending message 105 to peer 0xaaab36017fa0 (25 bytes)
1741753315.985571 sending message 105 to peer 0xaaab36017fa0 (11 bytes)
1741753315.985583 sending message 105 to peer 0xaaab36017fa0 (12 bytes)
1741753315.985593 sending message 105 to peer 0xaaab36017fa0 (34 bytes)
1741753315.985604 sending message 105 to peer 0xaaab36017fa0 (53 bytes)
1741753315.985614 sending message 105 to peer 0xaaab36017fa0 (54 bytes)
1741753315.985624 sending message 105 to peer 0xaaab36017fa0 (20 bytes)
1741753315.985634 sending message 105 to peer 0xaaab36017fa0 (25 bytes)
1741753315.985643 sending message 105 to peer 0xaaab36017fa0 (19 bytes)
1741753315.985652 sending message 105 to peer 0xaaab36017fa0 (23 bytes)
1741753315.985662 sending message 105 to peer 0xaaab36017fa0 (15 bytes)
1741753315.985673 sending message 105 to peer 0xaaab36017fa0 (17 bytes)
1741753315.985683 sending message 105 to peer 0xaaab36017fa0 (16 bytes)
1741753315.985692 sending message 105 to peer 0xaaab36017fa0 (22 bytes)
1741753315.985701 sending message 105 to peer 0xaaab36017fa0 (90 bytes)
1741753315.985718 sending message 105 to peer 0xaaab36017fa0 (19 bytes)
1741753315.985730 sending message 105 to peer 0xaaab36017fa0 (13 bytes)
1741753315.985740 sending message 105 to peer 0xaaab36017fa0 (40 bytes)
1741753315.985751 sending message 105 to peer 0xaaab36017fa0 (15 bytes)
1741753315.985761 sending message 105 to peer 0xaaab36017fa0 (60 bytes)
1741753315.985771 sending message 105 to peer 0xaaab36017fa0 (18 bytes)
1741753315.985782 sending message 105 to peer 0xaaab36017fa0 (17 bytes)
1741753315.985792 sending message 105 to peer 0xaaab36017fa0 (8 bytes)
1741753315.985803 sending message 105 to peer 0xaaab36017fa0 (35 bytes)
1741753315.985814 sending message 105 to peer 0xaaab36017fa0 (38 bytes)
1741753315.985825 sending message 105 to peer 0xaaab36017fa0 (25 bytes)
1741753315.985835 sending message 105 to peer 0xaaab36017fa0 (14 bytes)
1741753315.985846 sending message 105 to peer 0xaaab36017fa0 (32 bytes)
1741753315.985857 sending message 105 to peer 0xaaab36017fa0 (1911 bytes)
1741753315.985892 sending message 105 to peer 0xaaab36017fa0 (27 bytes)
1741753315.985903 sending message 105 to peer 0xaaab36017fa0 (21 bytes)
1741753315.985913 sending message 105 to peer 0xaaab36017fa0 (124 bytes)
1741753315.985923 sending message 105 to peer 0xaaab36017fa0 (52 bytes)
1741753315.985932 sending message 105 to peer 0xaaab36017fa0 (16 bytes)
1741753315.985943 sending message 105 to peer 0xaaab36017fa0 (25 bytes)
1741753315.985953 sending message 105 to peer 0xaaab36017fa0 (61 bytes)
1741753315.985963 sending message 105 to peer 0xaaab36017fa0 (45 bytes)
1741753315.985974 sending message 105 to peer 0xaaab36017fa0 (67 bytes)
1741753315.985995 sending message 105 to peer 0xaaab36017fa0 (12 bytes)
1741753315.986006 sending message 105 to peer 0xaaab36017fa0 (11 bytes)
1741753315.986016 sending message 105 to peer 0xaaab36017fa0 (958 bytes)
1741753315.986026 sending message 105 to peer 0xaaab36017fa0 (65 bytes)
1741753315.986036 sending message 105 to peer 0xaaab36017fa0 (56 bytes)
1741753315.986047 sending message 105 to peer 0xaaab36017fa0 (47 bytes)
1741753315.986057 sending message 105 to peer 0xaaab36017fa0 (43 bytes)
1741753315.986068 sending message 105 to peer 0xaaab36017fa0 (42 bytes)
1741753315.986078 sending message 105 to peer 0xaaab36017fa0 (19 bytes)
1741753315.986090 sending message 105 to peer 0xaaab36017fa0 (24 bytes)
1741753315.986100 sending message 105 to peer 0xaaab36017fa0 (27 bytes)
1741753315.986110 sending message 105 to peer 0xaaab36017fa0 (20 bytes)
1741753315.986121 sending message 105 to peer 0xaaab36017fa0 (19 bytes)
1741753315.986131 sending message 105 to peer 0xaaab36017fa0 (8 bytes)
1741753315.986142 sending message 105 to peer 0xaaab36017fa0 (33 bytes)
1741753315.986153 sending message 105 to peer 0xaaab36017fa0 (21 bytes)
1741753315.986165 sending message 105 to peer 0xaaab36017fa0 (35 bytes)
1741753315.986175 sending message 105 to peer 0xaaab36017fa0 (18 bytes)
1741753315.986185 sending message 105 to peer 0xaaab36017fa0 (26 bytes)
1741753315.986196 sending message 105 to peer 0xaaab36017fa0 (35 bytes)
1741753315.986206 sending message 105 to peer 0xaaab36017fa0 (14 bytes)
1741753315.986217 sending message 105 to peer 0xaaab36017fa0 (52 bytes)
1741753315.986227 sending message 105 to peer 0xaaab36017fa0 (11 bytes)
1741753315.986237 sending message 105 to peer 0xaaab36017fa0 (12 bytes)
1741753315.986248 sending message 105 to peer 0xaaab36017fa0 (26 bytes)
1741753315.986260 sending message 105 to peer 0xaaab36017fa0 (20 bytes)
1741753315.986270 sending message 105 to peer 0xaaab36017fa0 (29 bytes)
1741753315.986280 sending message 105 to peer 0xaaab36017fa0 (143 bytes)
1741753315.986292 sending message 105 to peer 0xaaab36017fa0 (31 bytes)
1741753315.986302 sending message 105 to peer 0xaaab36017fa0 (15 bytes)
1741753315.986312 sending message 105 to peer 0xaaab36017fa0 (52 bytes)
1741753315.986323 sending message 105 to peer 0xaaab36017fa0 (23 bytes)
1741753315.986333 sending message 105 to peer 0xaaab36017fa0 (21 bytes)
1741753315.986343 sending message 105 to peer 0xaaab36017fa0 (17 bytes)
1741753315.986359 sending message 105 to peer 0xaaab36017fa0 (58 bytes)
1741753315.986368 sending message 105 to peer 0xaaab36017fa0 (25 bytes)
1741753315.986377 sending message 105 to peer 0xaaab36017fa0 (11 bytes)
1741753315.986388 sending message 105 to peer 0xaaab36017fa0 (21 bytes)
1741753315.986398 sending message 105 to peer 0xaaab36017fa0 (27 bytes)
1741753315.986408 sending message 105 to peer 0xaaab36017fa0 (16 bytes)
1741753315.986418 sending message 105 to peer 0xaaab36017fa0 (30 bytes)
1741753315.986428 sending message 105 to peer 0xaaab36017fa0 (24 bytes)
1741753315.986439 sending message 105 to peer 0xaaab36017fa0 (20 bytes)
1741753315.986448 sending message 105 to peer 0xaaab36017fa0 (33 bytes)
1741753315.986458 sending message 105 to peer 0xaaab36017fa0 (10 bytes)
1741753315.986468 sending message 106 to peer 0xaaab36017fa0 (0 bytes)
1741753315.986538 sending message 200 to peer 0xaaab36017fa0 (4 bytes)
1741753315.986552 client loop enter
1741753315.987465 peer 0xaaab36017fa0 message 303
1741753315.987486 open write file 2 -
1741753315.987505 sending message 305 to peer 0xaaab36017fa0 (8 bytes)
1741753315.987530 write check file 2
1741753315.987738 peer 0xaaab36017fa0 message 304
1741753315.987754 write 58 to file 2
1741753315.987767 peer 0xaaab36017fa0 message 203
1741753315.987777 file 2 58 bytes left
1741753315.987803 write check file 2
1741753315.987814 client loop exit
